commit ee25e182ac0e0f8530dd655b2b44a3c364e994b4
Author: crucialfelix <crucialfelix@gmail.com>
Date:   Thu Dec 8 20:15:34 2011 +0100

    Throw error if a PatchOut is asked to allocate a bus and the allocation name is already used. this catches double allocation errors

commit fbba4c9089de1e40a8202de0c8a6d76f44436604
Author: crucialfelix <crucialfelix@gmail.com>
Date:   Thu Dec 8 20:14:59 2011 +0100

    protect patchIns from sending messages to nodes that are not playing. this happens for instance when a player stops but its sequencer still has more notes scheduled

commit e8b9861f2251d5f74d3db6cca7a8c20544299af5
Author: crucialfelix <crucialfelix@gmail.com>
Date:   Thu Dec 8 20:13:22 2011 +0100

    Player: throw error if setting bus before the player has been even prepared for play, since it has no patchOut to store the bus in
    2 other minor changes (no functionality change)

commit 85a0a9553caa58c2811406950f9d725783a97665
Author: crucialfelix <crucialfelix@gmail.com>
Date:   Thu Dec 8 20:12:12 2011 +0100

    Player: politely decline if asked to play while already playing

commit 4e5bf143ba7c4fd4c21f900645aabe1592019f4f
Author: crucialfelix <crucialfelix@gmail.com>
Date:   Thu Dec 8 20:10:41 2011 +0100

    SelectButtonSet : use buttonHeight

commit fe5d6988e00359f4bb53ca813372c2e92a060bd3
Author: crucialfelix <crucialfelix@gmail.com>
Date:   Thu Dec 8 20:10:23 2011 +0100

    center Sheet on the computer screen

commit 3d01e5e21ca0ef886be531c1f039ebc33ebfec60
Author: crucialfelix <crucialfelix@gmail.com>
Date:   Thu Dec 8 20:09:59 2011 +0100

    protect NumberEditorGui from the window getting closed while the .defer is busy deferring

commit c3a75fdb17d43878dae23f7ba9e92d42b7d691f5
Author: crucialfelix <crucialfelix@gmail.com>
Date:   Thu Dec 8 20:09:07 2011 +0100

    code formatting updates and comments

commit e39981363ecef1258c5f2dc125bb3b15278d8e50
Author: crucialfelix <crucialfelix@gmail.com>
Date:   Thu Dec 8 20:03:43 2011 +0100

    add PlayerRecorder

commit e3f97c90019302d6f841359f201922f5458b1d83
Author: crucialfelix <crucialfelix@gmail.com>
Date:   Thu Dec 8 20:02:35 2011 +0100

    Insp : adding displayHooks so that classes can add class specific displays and utilities when they are inspected
    adding hooks for: Function and Dictionary

commit a8e87ee84ce47a4f7cb7ff7779990bc64a4de45f
Author: crucialfelix <crucialfelix@gmail.com>
Date:   Mon Dec 5 19:59:18 2011 +0100

    move SynthDef_cxadds.sc to instrSupport.sc

commit 3532d9561a6cc0ffed7eda19d0f5cbd876ae6794
Author: crucialfelix <crucialfelix@gmail.com>
Date:   Sun Dec 4 19:58:04 2011 +0100

    PlayerRecorder : add optional (default true) Limiter to int format recordings

commit 25a3b0a96ba0a662abbf22e5f0b8b2984ca7142b
Author: crucialfelix <crucialfelix@gmail.com>
Date:   Sun Dec 4 19:57:12 2011 +0100

    change: simplify the ServerGui that is on each player's gui; remove ServerErrorGui;  I will make this into a configurable system

commit 7c17ee38f45a433124413d85c4e6492035b107dd
Author: crucialfelix <crucialfelix@gmail.com>
Date:   Sun Dec 4 19:55:31 2011 +0100

    fix: set player's name to nil when didSaveAs a new file

commit 91fefb6ab90ebc6a258065f395df9821aeb4b53c
Author: crucialfelix <crucialfelix@gmail.com>
Date:   Sun Dec 4 19:53:52 2011 +0100

    adding SynthConsole fftScope (os x only)

commit 63df280dbd05aefd57acaf1cd3f559ac55fd8508
Author: crucialfelix <crucialfelix@gmail.com>
Date:   Sun Dec 4 19:51:13 2011 +0100

    fix: if spec of NumberEditor changes then adjust the number view lo/hi

commit ff0488a1bb938c87c184a3f60deea7e867a3efb5
Author: crucialfelix <crucialfelix@gmail.com>
Date:   Sun Dec 4 19:50:39 2011 +0100

    fixing a display size error in NumberEditor and using golden ratio based size ratios

commit 14907d2e6e3a2cae821b00cf248c82ae3bbc96d2
Author: crucialfelix <crucialfelix@gmail.com>
Date:   Sun Dec 4 19:49:29 2011 +0100

    removing ObjectGui-guiBody which is a duplicate of the Common lib method

commit 9a0da9a9d7ec1b45d5bb9b0511b771bc5b9f9e9a
Author: crucialfelix <crucialfelix@gmail.com>
Date:   Sun Dec 4 19:48:46 2011 +0100

    clean ups and adjustments to some library tools functions

commit 0d6f17db527356ea9b860249a7b86edf75016fc3
Author: crucialfelix <crucialfelix@gmail.com>
Date:   Tue Nov 8 00:59:08 2011 +0100

    adding: PlayerRecorder, AbstractPlayer-record

commit def0958a06825febfe7311b114ab5feb53ad0067
Author: crucialfelix <crucialfelix@gmail.com>
Date:   Sun Nov 6 22:27:05 2011 +0100

    AudioPatchIn : implement value_

commit 58c096c8a90388b8b08d3c7c79e745d8724259f5
Author: crucialfelix <crucialfelix@gmail.com>
Date:   Sun Nov 6 22:26:24 2011 +0100

    OSCSched: avoid doing the two stage JIT scheduling if the event is less than a beat from now; add aschedFunc

commit dadc06f8ec1b94ffc2414e5fb7402854e5f177a5
Author: crucialfelix <crucialfelix@gmail.com>
Date:   Sun Nov 6 22:25:09 2011 +0100

    BeatSched: fix to schedAbs, code cleanup

commit 19bb58768a37b9e05509eb67c4ddcb1eff8098ad
Author: crucialfelix <crucialfelix@gmail.com>
Date:   Sun Nov 6 22:23:53 2011 +0100

    cleanup/fix to CXObjectInspector

commit 0d3201f5015d23452ba380533e15a7fd849d1896
Author: crucialfelix <crucialfelix@gmail.com>
Date:   Sun Nov 6 22:23:01 2011 +0100

    AbstractPlayerGui : cleaner "name plate"

commit e219694e3e4b13689d18f294dd99f1d4f71a8b47
Author: crucialfelix <crucialfelix@gmail.com>
Date:   Sun Nov 6 22:21:32 2011 +0100

    Patch: fix to the way inputs with patch ins are handled

commit 2bc0460e0098254a4504aecc2fb017909e63861f
Author: crucialfelix <crucialfelix@gmail.com>
Date:   Sun Nov 6 22:20:12 2011 +0100

    fix Patch : when live updating values do to an input having changed, don't synth.set if there are no values to send

commit 35811d414e51073d3d6b979588c1bed7e574e9ca
Author: crucialfelix <crucialfelix@gmail.com>
Date:   Sun Nov 6 22:18:50 2011 +0100

    Patch: allow to set the instr while still keeping all current inputs

commit 2f1d026e35b79b4e420ee17efb3afdbfa374c273
Author: crucialfelix <crucialfelix@gmail.com>
Date:   Sun Nov 6 22:17:50 2011 +0100

    fix defaultControl for EnvSpec and NamedIntegerSpec; they were not using the supplied value

commit 983659fae0036ff888930b8b76d1f687a1c2b1ac
Author: crucialfelix <crucialfelix@gmail.com>
Date:   Sun Nov 6 22:16:22 2011 +0100

    add InstrSynthDef *loadDefFileToBundle

commit f6a34a3d37c5dc8e770187d0c853013c1f39f1ab
Author: crucialfelix <crucialfelix@gmail.com>
Date:   Sun Nov 6 22:16:00 2011 +0100

    fix InstrSynthDef : it was sometimes possible to get the auto generated name to exceed 31 chars

commit c3ffa5766fb02b2283ae66e6111e34ad14f2ecc9
Author: crucialfelix <crucialfelix@gmail.com>
Date:   Sun Nov 6 22:14:44 2011 +0100

    Instr *load

commit 5f1b265d689151627461b905c2a7824c62bba3ac
Author: crucialfelix <crucialfelix@gmail.com>
Date:   Sun Nov 6 22:14:05 2011 +0100

    misc help file updates

commit 984067f8f95b0cd3a395ae52c941d11f05416500
Author: crucialfelix <crucialfelix@gmail.com>
Date:   Sun Nov 6 22:13:47 2011 +0100

    Updater: important fix ! removeOnClose needs to find the window, not the layout; that is what sends the notification on 'didClose'

commit b38f4249ae0054fd48efdb8a2b51950c0cddd366
Author: crucialfelix <crucialfelix@gmail.com>
Date:   Sun Nov 6 22:11:15 2011 +0100

    SynthConsole : remove pauseable record, implement scope, cleanups, using clearer colors and less obscure "text icons"

commit faa2295c5e84370722dd384b1e8802b1de032aa4
Author: crucialfelix <crucialfelix@gmail.com>
Date:   Sat Oct 29 21:30:41 2011 +0200

    SFP : update get file dialot to File.openDialog

commit 9f95f948c02638ddb010f7557a02cdbf0d04b2c1
Author: crucialfelix <crucialfelix@gmail.com>
Date:   Sat Oct 29 21:30:17 2011 +0200

    SFP gui: add SoundFileView

commit 07c8d66ad8ad9582e125811bca1f749441a6393a
Author: crucialfelix <crucialfelix@gmail.com>
Date:   Sat Oct 29 21:29:34 2011 +0200

    TempoGui : avoid creating the gnome instr each time
    enlarge to 160 pixels

commit 7b2e2ff84a7a0226c6fe1dcdcc09da56e382938f
Author: crucialfelix <crucialfelix@gmail.com>
Date:   Sat Oct 29 21:28:08 2011 +0200

    ServerGui: tune colors, remove a useless warning

commit 342b395c8bd59af060fda7b1fa300fc7950c3045
Author: crucialfelix <crucialfelix@gmail.com>
Date:   Sat Oct 29 21:27:34 2011 +0200

    ServerGui add meters

commit 93b01392de713d7c60f3c080c5c423a492395bab
Author: crucialfelix <crucialfelix@gmail.com>
Date:   Sat Oct 29 21:26:31 2011 +0200

    AbstractPlayerGui: when window closes if synth is stopped then free the player just in case of hanging stuff. if you are still using it (from a variable reference) then the worst that happens is that you have to prepare player before playing which happens automatically.

commit 097cfa53a4bf8946c99d2aac2197fbcccda24eca
Author: crucialfelix <crucialfelix@gmail.com>
Date:   Sat Oct 29 21:25:11 2011 +0200

    AbstractPlayerGui : remove topGuiPlugIns hook

commit 5fedfecb7e66f12364e43ab8871d6d0ee280157c
Author: crucialfelix <crucialfelix@gmail.com>
Date:   Sat Oct 29 21:24:35 2011 +0200

    AbstractPlayer: remove stop == the same as free. they are distinct methods

commit 4190ded0e449d2f5792e1f69b67b699d8ce4b3b3
Author: crucialfelix <crucialfelix@gmail.com>
Date:   Sat Oct 29 21:23:40 2011 +0200

    AbstractPlayer: allow spawnToBundle to choose where in group to add self (tail, head). its still better to put the whole player in a group since you don't know what a player may spawn or how it changes.

commit 02c4297e9dd90c2a92ec7663ff3d04e213856c9e
Author: crucialfelix <crucialfelix@gmail.com>
Date:   Sat Oct 29 21:22:01 2011 +0200

    AbstractPlayer: remove run

commit a24da43080e67a7e19d4afccc2f4d91bd0247b5d
Author: crucialfelix <crucialfelix@gmail.com>
Date:   Sat Oct 29 21:20:53 2011 +0200

    misc EditorGuis: use skin buttonHeight, skin colors, font, focusColor

commit 5c8d5336c1708d01d24bc0e35ee715918f3d27cd
Author: crucialfelix <crucialfelix@gmail.com>
Date:   Sat Oct 29 21:19:55 2011 +0200

    NumberEditor: a better randomize in case default value is minval

commit 5251e19bb13cd1935cca29bb8937b17df90f1c2e
Author: crucialfelix <crucialfelix@gmail.com>
Date:   Sat Oct 29 21:18:43 2011 +0200

    fix up: alphabetize matches in classfinder dialog

commit c1fe05833089fcf4b4b0ecddeef543d34474f001
Author: crucialfelix <crucialfelix@gmail.com>
Date:   Sat Oct 29 21:18:13 2011 +0200

    fix: layout of Menu

commit 45205e5c033fb66bf10f3c7a926de4fe6a077824
Author: crucialfelix <crucialfelix@gmail.com>
Date:   Sat Oct 29 21:17:46 2011 +0200

    remove PageLayout extras

commit a3121a3af1f0c318651d617276fb3ae483f1210f
Author: crucialfelix <crucialfelix@gmail.com>
Date:   Thu Oct 20 15:22:16 2011 +0200

    library item: better classfinder

commit cfdef98e8f2017ac4cb0ee3c695524f965ab4813
Author: crucialfelix <crucialfelix@gmail.com>
Date:   Sun Mar 13 23:43:13 2011 +0100

    Instr: *kr, plot;
    avoid parsing classfiles in Instr dirs

commit f1faf2a779976c6056cf1a9f03fe9b447e799bb6
Author: crucialfelix <crucialfelix@gmail.com>
Date:   Sun Mar 13 23:40:14 2011 +0100

    removing some spec defaults that are not general usage

commit f51ddccdc6c7076ef2fb62106161591483d0e2d4
Author: crucialfelix <crucialfelix@gmail.com>
Date:   Sun Mar 13 23:37:45 2011 +0100

    add: NamedIntegersSpec for integers that represent specific fixed choices like [LINEAR, CAUCHY,...]
    editor/control uses a PopUp menu

commit 3609f0fe0aae8e16dff5719bd345b9ae53fb1f5a
Author: crucialfelix <crucialfelix@gmail.com>
Date:   Thu Mar 10 04:40:35 2011 +0100

    ServerGui: even out the button heights

commit 7de133c0f0d42d8605eb667b9d0a58f98c5fe1f2
Author: crucialfelix <crucialfelix@gmail.com>
Date:   Thu Mar 10 04:40:04 2011 +0100

    new spec: BFormatSpec

commit 0a797adda4815e85ed50a18b6ede4640a07ff6a4
Author: crucialfelix <crucialfelix@gmail.com>
Date:   Thu Mar 10 04:39:39 2011 +0100

    InstrBrowser: option to filter out UgenInstr

commit da2561b9a95de8025d696addbcf0b46071ddbf8c
Author: crucialfelix <crucialfelix@gmail.com>
Date:   Thu Mar 10 04:38:35 2011 +0100

    add: alt-click to reset number editor to default (like Logic)

commit 5cff6c86986c99927f85c1fb7c1ee1b893c73f6c
Author: crucialfelix <crucialfelix@gmail.com>
Date:   Thu Mar 10 04:38:00 2011 +0100

    NumChannels help moved to common

commit 9eb22d3dca5311d3a63442bbe379d57fd3b56a12
Author: crucialfelix <crucialfelix@gmail.com>
Date:   Sun Mar 6 17:56:44 2011 +0100

    Instr: change source code display to use string.bounds, not a guestimate

commit 2252aa061b5d86a1e653ec6d2e3bd24f3d95243a
Author: crucialfelix <crucialfelix@gmail.com>
Date:   Fri Mar 4 16:26:16 2011 +0100

    Insp interface improvement (List view mouse up hack to make clicking respond on the upstroke)
    fix for common lib bug/change in superclasses

commit b97184b86fe9c02b9445ebd2aa5579d9c5f1fcfa
Author: crucialfelix <crucialfelix@gmail.com>
Date:   Fri Mar 4 16:24:42 2011 +0100

    ToggleButton:value_
    SelectButtonSet:selectItem
    SaveConsole:open

commit 2a95864343f5bb9bde87cfb7b7e3ece60df562a4
Author: crucialfelix <crucialfelix@gmail.com>
Date:   Fri Mar 4 16:23:19 2011 +0100

    Patch/Instr/InstrSynthDef: fix for UGenInstr
    fix Instr.loadAll problem with subdirectories in quarks
    sends Instr.changed when a new Instr is created
    better error messsage and behavior when no spec is defined
    add: Instr.leaves for InstrBrowser (which I guess is already committed and wouldnt work without this method)

commit 2cb909a17ca1940e79b2974d06929cc62f3fe919
Author: crucialfelix <crucialfelix@gmail.com>
Date:   Fri Mar 4 16:19:51 2011 +0100

    misc. change library func to InstrBrowser
    "instr.name".kr
    minor help file updates
    remove deprec metal: arg to asPageLayout

commit 9554e665d33bb2820ed77ead39828dc022430601
Author: crucialfelix <crucialfelix@gmail.com>
Date:   Fri Mar 4 16:16:45 2011 +0100

    these methods were moved out of common. they were in the svn/quark but missing in the git version

commit c400b8aed450ab5d988dc344c3e063e83560185a
Author: crucialfelix <crucialfelix@gmail.com>
Date:   Fri Mar 4 16:15:35 2011 +0100

    OSCSched: let .clear clear the tempo clock as long as it isn't global
    update help files

commit 0022724a78d0723dc49a269254305441eea4c544
Author: crucialfelix <crucialfelix@gmail.com>
Date:   Fri Mar 4 16:14:56 2011 +0100

    add: ServerGui .tail button and functionality: tail all traffic with server, printing it to post window

commit 0e90a943626543981ee982c256f7fdfac5b5e841
Author: crucialfelix <crucialfelix@gmail.com>
Date:   Fri Mar 4 16:14:17 2011 +0100

    crucial style: nicer colors

commit bac63591b54eac43228c6993794fd2ac2436d64d
Author: crucialfelix <crucialfelix@gmail.com>
Date:   Fri Mar 4 16:12:46 2011 +0100

    add: InstrBrowser, InstrGui, UGenInstrGui

commit 40a0c34ebba6bcc6085157c7c6b34776d803a676
Author: crucialfelix <crucialfelix@gmail.com>
Date:   Fri Mar 4 16:11:29 2011 +0100

    new specs: FFT and Demand

commit cc15722eb7a1415723f728a0a358d120da5bc70a
Author: crucialfelix <crucialfelix@gmail.com>
Date:   Fri Mar 4 16:09:44 2011 +0100

    number editor : control move mouse to change value, shift-control for fine tune
    add: .rand for gaussian randomization around spec's default value

commit af854f0f78a88b7d499b4273f98b094e7b661c9c
Author: crucialfelix <crucialfelix@gmail.com>
Date:   Sat Dec 11 18:53:14 2010 +0100

    add SwitchableKeyDownResponder
    fix: use KeyCodeResponderGroup for concatenating anything with other responder groups

commit d73e8c11228b2b26aa3d66f89bb3f66b667de12a
Author: crucialfelix <crucialfelix@gmail.com>
Date:   Sat Dec 11 18:50:45 2010 +0100

    fix: guiInstrVarsOf is removed
    minor: object inspector should use gui not old topGui

commit c1a8163846ae46fcbf83d4051ccb4bfaad4e7963
Author: crucialfelix <crucialfelix@gmail.com>
Date:   Sat Dec 11 18:50:24 2010 +0100

    ZArchive : fix bug with double nils at start of new archive
    minor doc update

commit c5d42b1dca0869ac70aacf72f9795860da0599dd
Author: crucialfelix <crucialfelix@gmail.com>
Date:   Wed Dec 1 16:02:59 2010 +0100

    adding keycode items to menuItem

commit 66d548c32f938d6945020ba9f7e5e3516ab6a674
Author: crucialfelix <crucialfelix@gmail.com>
Date:   Wed Dec 1 16:02:46 2010 +0100

    Tempo help file update

commit 56547a46417dd688808844629753ba730c0c7d58
Author: crucialfelix <crucialfelix@gmail.com>
Date:   Wed Dec 1 16:02:34 2010 +0100

    whooops: aade17dab814ff78a5a5292007b843d305ee3444 let in a nasty loop when building a Patch from an Instr that doesn't have an outSpec.
    .spec would call .asSynthDef which would call .spec

commit 4cec699b5dcebe758fc9623933cd43ffcfb36241
Author: crucialfelix <crucialfelix@gmail.com>
Date:   Sun Nov 28 03:56:29 2010 +0100

    KeyDownResponderGroup : for concatenating KeyCodeResponders and UnicodeResponders

commit 518614519d1c7bf18f29dc3aaf02788c95474e83
Author: crucialfelix <crucialfelix@gmail.com>
Date:   Fri Nov 26 00:46:16 2010 +0100

    ActionButton-background
    colors for Specs, used to color-code Patch and interface elements
     (much improved legibility of complex patches)
    add ServerGui.output to allow switching to different devices
    ServerLog minor

commit aade17dab814ff78a5a5292007b843d305ee3444
Author: crucialfelix <crucialfelix@gmail.com>
Date:   Fri Nov 26 00:44:17 2010 +0100

    Instr-isFilter
    InstrSynthDef protect while building in case of building a sub synth def
    better Patch-rate
    better Patch-numChannels
    fix: Player uses its rate, doesnt assume audio and depend on subclass imp
    add: FixNumChannelsPlayer
    TempoBus use server default

commit f64b8c23b4e927ce47d08e8af8ef0d0500cb3fc4
Author: crucialfelix <crucialfelix@gmail.com>
Date:   Fri Nov 26 00:35:04 2010 +0100

    more commits for switching to PageLayout

commit 9ba7b0c6862dbcfea05257f84d9739f3abaf891a
Author: crucialfelix <crucialfelix@gmail.com>
Date:   Fri Nov 26 00:28:25 2010 +0100

    adding cocoa menu items

commit dcaf7e9c9ca93922919dc1ec0a365f662ce9704e
Author: crucialfelix <crucialfelix@gmail.com>
Date:   Thu Nov 25 23:51:08 2010 +0100

    switching to PageLayout from MultiPageLayout

commit 87a1d19ee908d99db1b0068fd87b2d671c5d20f7
Author: crucialfelix <crucialfelix@gmail.com>
Date:   Fri Nov 19 15:11:12 2010 +0100

    minor

commit 98eaa850d02608e2f679933d59d772ec2ad304d1
Author: crucialfelix <crucialfelix@gmail.com>
Date:   Fri Nov 19 15:11:05 2010 +0100

    moving in die and checkKind from common

commit c311539c7b29d33d558ed2b518f84fe1983e64c0
Author: crucialfelix <crucialfelix@gmail.com>
Date:   Fri Nov 19 15:10:48 2010 +0100

    moving ServerGui to ServerTools

commit dad1c6d65367f2d186339c48c79917238e4d052b
Author: crucialfelix <crucialfelix@gmail.com>
Date:   Fri Nov 19 15:10:27 2010 +0100

    dead help file

commit 3743bd78fbe3acc914cb308ae18472d4dd73b3a7
Author: crucialfelix <crucialfelix@gmail.com>
Date:   Fri Nov 19 15:10:19 2010 +0100

    moving in the crucial default gui style: instVarsForGui, publicInstVars that by default (if no guiClass exists) displays the object's instance vars

commit 43c17b5af08012da5d37aca722094d2033900202
Author: crucialfelix <crucialfelix@gmail.com>
Date:   Wed Nov 17 22:43:53 2010 +0100

    normalizing arg names for gui classes
    moving in topGui from Common

commit 00b3b52985ab56e6a2ccfe50120da59b3107d3dd
Author: crucialfelix <crucialfelix@gmail.com>
Date:   Wed Nov 17 22:39:43 2010 +0100

    moving AnnotatedDebugNodeWatcher to ServerTools

commit 46bf63946b32b5ee7b97ad213f8e185c00d03d5c
Author: crucialfelix <crucialfelix@gmail.com>
Date:   Mon Nov 15 21:24:31 2010 +0100

    moving KernalTools related gui methods into crucial where the classes they reference were moved to

commit 5b1d1d3810e710d6bf457565b6f3cc348e8a9262
Author: crucialfelix <crucialfelix@gmail.com>
Date:   Mon Nov 15 21:23:52 2010 +0100

    moving crucial specific topGui, smallGui out of Common
    also moving various guiBody implementations that use classes only found in crucial

commit f68caaebad8318604e2c10b18f17b8474918cf1f
Author: crucialfelix <crucialfelix@gmail.com>
Date:   Mon Nov 15 21:23:00 2010 +0100

    removing help files for classes that were moved into Common

commit 656f888f865e2fa1ad59796039a60d41b9516a5d
Author: crucialfelix <crucialfelix@gmail.com>
Date:   Mon Nov 15 20:45:35 2010 +0100

    initial that is quark svn
